app/build/intermediates/manifest_merge_blame_file/debug/manifest-merger-blame-debug-report.txt
1<?xml version="1.0" encoding="utf-8"?>
2<manifest xmlns:android="http://schemas.android.com/apk/res/android"
3    package="com.vogella.android.localservice"
4    android:versionCode="1"
5    android:versionName="1.0" >
6
7    <uses-sdk
8        android:minSdkVersion="23"
8-->src/main/AndroidManifest.xml
9        android:targetSdkVersion="29" />
9-->src/main/AndroidManifest.xml
10
11    <uses-permission android:name="android.permission.FOREGROUND_SERVICE" />
11-->src/main/AndroidManifest.xml:4:5-76
11-->src/main/AndroidManifest.xml:4:22-74
12
13    <application
13-->src/main/AndroidManifest.xml:6:5-50:19
14        android:allowBackup="true"
14-->src/main/AndroidManifest.xml:7:9-35
15        android:appComponentFactory="androidx.core.app.CoreComponentFactory"
15-->[androidx.core:core:1.1.0] AndroidManifest.xml:24:18-86
16        android:debuggable="true"
17        android:extractNativeLibs="false"
18        android:icon="@mipmap/ic_launcher"
18-->src/main/AndroidManifest.xml:8:9-43
19        android:label="@string/app_name"
19-->src/main/AndroidManifest.xml:9:9-41
20        android:roundIcon="@mipmap/ic_launcher_round"
20-->src/main/AndroidManifest.xml:10:9-54
21        android:supportsRtl="true"
21-->src/main/AndroidManifest.xml:11:9-35
22        android:testOnly="true"
23        android:theme="@style/AppTheme" >
23-->src/main/AndroidManifest.xml:12:9-40
24        <activity android:name="com.ray.android.localservice.MainActivity" >
24-->src/main/AndroidManifest.xml:13:9-19:20
24-->src/main/AndroidManifest.xml:13:19-75
25            <intent-filter>
25-->src/main/AndroidManifest.xml:14:13-18:29
26                <action android:name="android.intent.action.MAIN" />
26-->src/main/AndroidManifest.xml:15:17-68
26-->src/main/AndroidManifest.xml:15:25-66
27
28                <category android:name="android.intent.category.LAUNCHER" />
28-->src/main/AndroidManifest.xml:17:17-76
28-->src/main/AndroidManifest.xml:17:27-74
29            </intent-filter>
30        </activity>
31
32        <service
32-->src/main/AndroidManifest.xml:20:9-23:19
33            android:name="com.ray.android.localservice.LocalWordService"
33-->src/main/AndroidManifest.xml:21:13-73
34            android:label="Word service" >
34-->src/main/AndroidManifest.xml:22:13-41
35        </service>
36        <service
36-->src/main/AndroidManifest.xml:24:9-29:19
37            android:name="com.ray.android.localservice.TestJobService"
37-->src/main/AndroidManifest.xml:25:13-71
38            android:label="Word service"
38-->src/main/AndroidManifest.xml:26:13-41
39            android:permission="android.permission.BIND_JOB_SERVICE" >
39-->src/main/AndroidManifest.xml:27:13-69
40        </service>
41        <service
41-->src/main/AndroidManifest.xml:31:9-36:19
42            android:name="com.ray.android.localservice.ForegroundService"
42-->src/main/AndroidManifest.xml:32:13-74
43            android:label="Foreground service"
43-->src/main/AndroidManifest.xml:33:13-47
44            android:permission="android.permission.BIND_JOB_SERVICE" >
44-->src/main/AndroidManifest.xml:34:13-69
45        </service>
46        <service
46-->src/main/AndroidManifest.xml:38:9-43:19
47            android:name="com.ray.android.localservice.MyIntentService"
47-->src/main/AndroidManifest.xml:39:13-72
48            android:label="Intent service"
48-->src/main/AndroidManifest.xml:40:13-43
49            android:permission="android.permission.BIND_JOB_SERVICE" >
49-->src/main/AndroidManifest.xml:41:13-69
50        </service>
51
52        <receiver android:name="com.ray.android.localservice.MyStartServiceReceiver" >
52-->src/main/AndroidManifest.xml:45:9-49:20
52-->src/main/AndroidManifest.xml:45:19-85
53            <intent-filter>
53-->src/main/AndroidManifest.xml:46:13-48:29
54                <action android:name="android.intent.action.BOOT_COMPLETED" />
54-->src/main/AndroidManifest.xml:47:17-79
54-->src/main/AndroidManifest.xml:47:25-76
55            </intent-filter>
56        </receiver>
57    </application>
58
59</manifest>